0 info it worked if it ends with ok
1 verbose cli [ 'C:\\Program Files\\nodejs\\node.exe',
1 verbose cli   'C:\\Program Files\\nodejs\\node_modules\\npm\\bin\\npm-cli.js',
1 verbose cli   'install',
1 verbose cli   '--save',
1 verbose cli   'react-typist' ]
2 info using npm@2.14.20
3 info using node@v4.4.0
4 verbose install initial load of C:\Users\Avi Jain\Desktop\react-skeleton-master\package.json
5 warn package.json react-skeleton@1.0.0 No description
6 warn package.json react-skeleton@1.0.0 No README data
7 verbose installManyTop reading scoped package data from C:\Users\Avi Jain\Desktop\react-skeleton-master\node_modules\babel\package.json
8 verbose installManyTop reading scoped package data from C:\Users\Avi Jain\Desktop\react-skeleton-master\node_modules\babel-preset-react\package.json
9 verbose installManyTop reading scoped package data from C:\Users\Avi Jain\Desktop\react-skeleton-master\node_modules\babelify\package.json
10 verbose installManyTop reading scoped package data from C:\Users\Avi Jain\Desktop\react-skeleton-master\node_modules\react\package.json
11 verbose installManyTop reading scoped package data from C:\Users\Avi Jain\Desktop\react-skeleton-master\node_modules\react-dom\package.json
12 verbose installManyTop reading scoped package data from C:\Users\Avi Jain\Desktop\react-skeleton-master\node_modules\react-typewriter\package.json
13 verbose installManyTop reading scoped package data from C:\Users\Avi Jain\Desktop\react-skeleton-master\node_modules\watchify\package.json
14 verbose readDependencies loading dependencies from C:\Users\Avi Jain\Desktop\react-skeleton-master\package.json
15 silly cache add args [ 'react-typist', null ]
16 verbose cache add spec react-typist
17 silly cache add parsed spec Result {
17 silly cache add   raw: 'react-typist',
17 silly cache add   scope: null,
17 silly cache add   name: 'react-typist',
17 silly cache add   rawSpec: '',
17 silly cache add   spec: 'latest',
17 silly cache add   type: 'tag' }
18 silly addNamed react-typist@latest
19 verbose addNamed "latest" is being treated as a dist-tag for react-typist
20 info addNameTag [ 'react-typist', 'latest' ]
21 silly mapToRegistry name react-typist
22 silly mapToRegistry using default registry
23 silly mapToRegistry registry https://registry.npmjs.org/
24 silly mapToRegistry uri https://registry.npmjs.org/react-typist
25 verbose addNameTag registry:https://registry.npmjs.org/react-typist not in flight; fetching
26 verbose request uri https://registry.npmjs.org/react-typist
27 verbose request no auth needed
28 info attempt registry request try #1 at 2:35:10 AM
29 verbose request id 6af3dc39702dc76b
30 http request GET https://registry.npmjs.org/react-typist
31 http 200 https://registry.npmjs.org/react-typist
32 verbose headers { server: 'CouchDB/1.5.0 (Erlang OTP/R16B03)',
32 verbose headers   etag: '"1IRC5K1E178UP934I2M39X62W"',
32 verbose headers   'content-type': 'application/json',
32 verbose headers   'content-encoding': 'gzip',
32 verbose headers   'cache-control': 'max-age=300',
32 verbose headers   'content-length': '4306',
32 verbose headers   'accept-ranges': 'bytes',
32 verbose headers   date: 'Fri, 22 Jul 2016 21:05:15 GMT',
32 verbose headers   via: '1.1 varnish',
32 verbose headers   age: '0',
32 verbose headers   connection: 'keep-alive',
32 verbose headers   'x-served-by': 'cache-sin6922-SIN',
32 verbose headers   'x-cache': 'MISS',
32 verbose headers   'x-cache-hits': '0',
32 verbose headers   'x-timer': 'S1469221515.314771,VS0,VE254',
32 verbose headers   vary: 'Accept-Encoding' }
33 silly get cb [ 200,
33 silly get   { server: 'CouchDB/1.5.0 (Erlang OTP/R16B03)',
33 silly get     etag: '"1IRC5K1E178UP934I2M39X62W"',
33 silly get     'content-type': 'application/json',
33 silly get     'content-encoding': 'gzip',
33 silly get     'cache-control': 'max-age=300',
33 silly get     'content-length': '4306',
33 silly get     'accept-ranges': 'bytes',
33 silly get     date: 'Fri, 22 Jul 2016 21:05:15 GMT',
33 silly get     via: '1.1 varnish',
33 silly get     age: '0',
33 silly get     connection: 'keep-alive',
33 silly get     'x-served-by': 'cache-sin6922-SIN',
33 silly get     'x-cache': 'MISS',
33 silly get     'x-cache-hits': '0',
33 silly get     'x-timer': 'S1469221515.314771,VS0,VE254',
33 silly get     vary: 'Accept-Encoding' } ]
34 verbose get saving react-typist to C:\Users\Avi Jain\AppData\Roaming\npm-cache\registry.npmjs.org\react-typist\.cache.json
35 verbose correctMkdir C:\Users\Avi Jain\AppData\Roaming\npm-cache correctMkdir not in flight; initializing
36 silly addNameTag next cb for react-typist with tag latest
37 silly addNamed react-typist@0.3.0
38 verbose addNamed "0.3.0" is a plain semver version for react-typist
39 silly mapToRegistry name react-typist
40 silly mapToRegistry using default registry
41 silly mapToRegistry registry https://registry.npmjs.org/
42 silly mapToRegistry uri https://registry.npmjs.org/react-typist
43 verbose addRemoteTarball https://registry.npmjs.org/react-typist/-/react-typist-0.3.0.tgz not in flight; adding
44 verbose addRemoteTarball [ 'https://registry.npmjs.org/react-typist/-/react-typist-0.3.0.tgz',
44 verbose addRemoteTarball   '9d8955ae0a2a151c5edfbe435f735d200dfaf777' ]
45 info retry fetch attempt 1 at 2:35:11 AM
46 info attempt registry request try #1 at 2:35:11 AM
47 http fetch GET https://registry.npmjs.org/react-typist/-/react-typist-0.3.0.tgz
48 http fetch 200 https://registry.npmjs.org/react-typist/-/react-typist-0.3.0.tgz
49 silly fetchAndShaCheck shasum 9d8955ae0a2a151c5edfbe435f735d200dfaf777
50 verbose addTmpTarball C:\Users\AVIJAI~1\AppData\Local\Temp\npm-8976-b8c63c9f\registry.npmjs.org\react-typist\-\react-typist-0.3.0.tgz not in flight; adding
51 verbose addTmpTarball already have metadata; skipping unpack for react-typist@0.3.0
52 verbose correctMkdir C:\Users\Avi Jain\AppData\Roaming\npm-cache correctMkdir not in flight; initializing
53 silly cache afterAdd react-typist@0.3.0
54 verbose afterAdd C:\Users\Avi Jain\AppData\Roaming\npm-cache\react-typist\0.3.0\package\package.json not in flight; writing
55 verbose correctMkdir C:\Users\Avi Jain\AppData\Roaming\npm-cache correctMkdir not in flight; initializing
56 verbose afterAdd C:\Users\Avi Jain\AppData\Roaming\npm-cache\react-typist\0.3.0\package\package.json written
57 silly install resolved [ { name: 'react-typist',
57 silly install resolved     version: '0.3.0',
57 silly install resolved     description: 'Typing animations with React',
57 silly install resolved     main: 'dist/Typist.js',
57 silly install resolved     scripts:
57 silly install resolved      { dist: 'webpack --config webpack.dist.config.js',
57 silly install resolved        standalone: 'webpack --config webpack.standalone.config.js',
57 silly install resolved        examples: 'webpack --devtool inline-source-map',
57 silly install resolved        start: 'webpack-dev-server --devtool inline-source-map --progress --colors --inline --hot --host 0.0.0.0 --content-base examples',
57 silly install resolved        test: 'karma start karma.conf.js' },
57 silly install resolved     repository:
57 silly install resolved      { type: 'git',
57 silly install resolved        url: 'git+https://github.com/jstejada/react-typist.git' },
57 silly install resolved     keywords:
57 silly install resolved      [ 'react',
57 silly install resolved        'reactjs',
57 silly install resolved        'react-typist',
57 silly install resolved        'react typist',
57 silly install resolved        'typing',
57 silly install resolved        'typing animation',
57 silly install resolved        'typing animations',
57 silly install resolved        'animation',
57 silly install resolved        'animations',
57 silly install resolved        'typist',
57 silly install resolved        'typewriter',
57 silly install resolved        'typewriter animation',
57 silly install resolved        'typewriter animations' ],
57 silly install resolved     author: { name: 'Juan Tejada' },
57 silly install resolved     license: 'MIT',
57 silly install resolved     peerDependencies: { react: '^0.14', 'react-dom': '^0.14' },
57 silly install resolved     devDependencies:
57 silly install resolved      { 'autoprefixer-loader': '^3.1.0',
57 silly install resolved        babel: '^5.8.23',
57 silly install resolved        'babel-eslint': '^4.1.3',
57 silly install resolved        'babel-loader': '^5.3.2',
57 silly install resolved        'css-loader': '^0.19.0',
57 silly install resolved        eslint: '^1.5.1',
57 silly install resolved        'eslint-config-airbnb': '^0.1.0',
57 silly install resolved        'eslint-loader': '^1.0.0',
57 silly install resolved        'eslint-plugin-react': '^3.4.2',
57 silly install resolved        'extract-text-webpack-plugin': '^0.8.2',
57 silly install resolved        'jasmine-core': '^2.3.4',
57 silly install resolved        'jasmine-react-matchers': '^1.0.2',
57 silly install resolved        karma: '^0.13.10',
57 silly install resolved        'karma-chrome-launcher': '^0.2.0',
57 silly install resolved        'karma-cli': '^0.1.1',
57 silly install resolved        'karma-jasmine': '^0.3.6',
57 silly install resolved        'karma-sourcemap-loader': '^0.3.5',
57 silly install resolved        'karma-webpack': '^1.7.0',
57 silly install resolved        'node-sass': '^3.3.3',
57 silly install resolved        react: '^0.14.0',
57 silly install resolved        'react-addons-test-utils': '^0.14.0',
57 silly install resolved        'react-dom': '^0.14.0',
57 silly install resolved        'sass-loader': '^2.0.1',
57 silly install resolved        'style-loader': '^0.12.4',
57 silly install resolved        webpack: '^1.12.2',
57 silly install resolved        'webpack-dev-server': '^1.12.0' },
57 silly install resolved     gitHead: 'e97af74f0e4f29f8518c6b18cfc5089b2ca92dd9',
57 silly install resolved     bugs: { url: 'https://github.com/jstejada/react-typist/issues' },
57 silly install resolved     homepage: 'https://github.com/jstejada/react-typist#readme',
57 silly install resolved     _id: 'react-typist@0.3.0',
57 silly install resolved     _shasum: '9d8955ae0a2a151c5edfbe435f735d200dfaf777',
57 silly install resolved     _from: 'react-typist@latest',
57 silly install resolved     _npmVersion: '3.3.6',
57 silly install resolved     _nodeVersion: '4.1.1',
57 silly install resolved     _npmUser: { name: 'jstejada', email: 'juans.tejada@gmail.com' },
57 silly install resolved     dist:
57 silly install resolved      { shasum: '9d8955ae0a2a151c5edfbe435f735d200dfaf777',
57 silly install resolved        tarball: 'https://registry.npmjs.org/react-typist/-/react-typist-0.3.0.tgz' },
57 silly install resolved     maintainers: [ [Object] ],
57 silly install resolved     directories: {},
57 silly install resolved     _resolved: 'https://registry.npmjs.org/react-typist/-/react-typist-0.3.0.tgz' } ]
58 info install react-typist@0.3.0 into C:\Users\Avi Jain\Desktop\react-skeleton-master
59 info installOne react-typist@0.3.0
60 verbose installOne of react-typist to C:\Users\Avi Jain\Desktop\react-skeleton-master not in flight; installing
61 verbose correctMkdir C:\Users\Avi Jain\AppData\Roaming\npm-cache\_locks correctMkdir not in flight; initializing
62 verbose lock using C:\Users\Avi Jain\AppData\Roaming\npm-cache\_locks\react-typist-d5872f3acf9cc8a7.lock for C:\Users\Avi Jain\Desktop\react-skeleton-master\node_modules\react-typist
63 silly install write writing react-typist 0.3.0 to C:\Users\Avi Jain\Desktop\react-skeleton-master\node_modules\react-typist
64 verbose unbuild node_modules\react-typist
65 silly gentlyRm C:\Users\Avi Jain\Desktop\react-skeleton-master\node_modules\react-typist is being purged from base C:\Users\Avi Jain\Desktop\react-skeleton-master
66 verbose gentlyRm don't care about contents; nuking C:\Users\Avi Jain\Desktop\react-skeleton-master\node_modules\react-typist
67 verbose tar unpack C:\Users\Avi Jain\AppData\Roaming\npm-cache\react-typist\0.3.0\package.tgz
68 verbose tar unpacking to C:\Users\Avi Jain\Desktop\react-skeleton-master\node_modules\react-typist
69 silly gentlyRm C:\Users\Avi Jain\Desktop\react-skeleton-master\node_modules\react-typist is being purged
70 verbose gentlyRm don't care about contents; nuking C:\Users\Avi Jain\Desktop\react-skeleton-master\node_modules\react-typist
71 silly gunzTarPerm modes [ '777', '666' ]
72 silly gunzTarPerm extractEntry package.json
73 silly gunzTarPerm modified mode [ 'package.json', 420, 438 ]
74 silly gunzTarPerm extractEntry .npmignore
75 silly gunzTarPerm modified mode [ '.npmignore', 420, 438 ]
76 silly gunzTarPerm extractEntry README.md
77 silly gunzTarPerm modified mode [ 'README.md', 420, 438 ]
78 silly gunzTarPerm extractEntry webpack.standalone.config.js
79 silly gunzTarPerm modified mode [ 'webpack.standalone.config.js', 420, 438 ]
80 silly gunzTarPerm extractEntry karma.conf.js
81 silly gunzTarPerm modified mode [ 'karma.conf.js', 420, 438 ]
82 silly gunzTarPerm extractEntry webpack.dist.config.js
83 silly gunzTarPerm modified mode [ 'webpack.dist.config.js', 420, 438 ]
84 silly gunzTarPerm extractEntry webpack.config.js
85 silly gunzTarPerm modified mode [ 'webpack.config.js', 420, 438 ]
86 silly gunzTarPerm extractEntry .travis.yml
87 silly gunzTarPerm modified mode [ '.travis.yml', 420, 438 ]
88 silly gunzTarPerm extractEntry LICENSE.md
89 silly gunzTarPerm modified mode [ 'LICENSE.md', 420, 438 ]
90 silly gunzTarPerm extractEntry .eslintrc
91 silly gunzTarPerm modified mode [ '.eslintrc', 420, 438 ]
92 silly gunzTarPerm extractEntry bower.json
93 silly gunzTarPerm modified mode [ 'bower.json', 420, 438 ]
94 silly gunzTarPerm extractEntry .editorconfig
95 silly gunzTarPerm modified mode [ '.editorconfig', 420, 438 ]
96 silly gunzTarPerm extractEntry examples/index.js
97 silly gunzTarPerm modified mode [ 'examples/index.js', 420, 438 ]
98 silly gunzTarPerm extractEntry examples/index.html
99 silly gunzTarPerm modified mode [ 'examples/index.html', 420, 438 ]
100 silly gunzTarPerm extractEntry examples/main.scss
101 silly gunzTarPerm modified mode [ 'examples/main.scss', 420, 438 ]
102 silly gunzTarPerm extractEntry .gitattributes
103 silly gunzTarPerm modified mode [ '.gitattributes', 420, 438 ]
104 silly gunzTarPerm extractEntry .babelrc
105 silly gunzTarPerm modified mode [ '.babelrc', 420, 438 ]
106 silly gunzTarPerm extractEntry src/utils.js
107 silly gunzTarPerm modified mode [ 'src/utils.js', 420, 438 ]
108 silly gunzTarPerm extractEntry src/Cursor.jsx
109 silly gunzTarPerm modified mode [ 'src/Cursor.jsx', 420, 438 ]
110 silly gunzTarPerm extractEntry src/Cursor.scss
111 silly gunzTarPerm modified mode [ 'src/Cursor.scss', 420, 438 ]
112 silly gunzTarPerm extractEntry src/Typist.jsx
113 silly gunzTarPerm modified mode [ 'src/Typist.jsx', 420, 438 ]
114 silly gunzTarPerm extractEntry test/Typist.spec.js
115 silly gunzTarPerm modified mode [ 'test/Typist.spec.js', 420, 438 ]
116 silly gunzTarPerm extractEntry test/tests.bundle.js
117 silly gunzTarPerm modified mode [ 'test/tests.bundle.js', 420, 438 ]
118 silly gunzTarPerm extractEntry test/utils.spec.js
119 silly gunzTarPerm modified mode [ 'test/utils.spec.js', 420, 438 ]
120 silly gunzTarPerm extractEntry .mversionrc
121 silly gunzTarPerm modified mode [ '.mversionrc', 420, 438 ]
122 silly gunzTarPerm extractEntry dist/Typist.js
123 silly gunzTarPerm modified mode [ 'dist/Typist.js', 420, 438 ]
124 silly gunzTarPerm extractEntry dist/Typist.css
125 silly gunzTarPerm modified mode [ 'dist/Typist.css', 420, 438 ]
126 silly gunzTarPerm extractEntry dist/standalone/Typist.js
127 silly gunzTarPerm modified mode [ 'dist/standalone/Typist.js', 420, 438 ]
128 silly gunzTarPerm extractEntry dist/standalone/Typist.min.js
129 silly gunzTarPerm modified mode [ 'dist/standalone/Typist.min.js', 420, 438 ]
130 silly gunzTarPerm extractEntry dist/standalone/Typist.css
131 silly gunzTarPerm modified mode [ 'dist/standalone/Typist.css', 420, 438 ]
132 silly gunzTarPerm extractEntry dist/standalone/Typist.min.css
133 silly gunzTarPerm modified mode [ 'dist/standalone/Typist.min.css', 420, 438 ]
134 verbose write writing to C:\Users\Avi Jain\Desktop\react-skeleton-master\node_modules\react-typist\package.json
135 info preinstall react-typist@0.3.0
136 verbose readDependencies loading dependencies from C:\Users\Avi Jain\Desktop\react-skeleton-master\node_modules\react-typist\package.json
137 silly prepareForInstallMany adding react@^0.14 from react-typist peerDependencies
138 silly prepareForInstallMany adding react-dom@^0.14 from react-typist peerDependencies
139 warn peerDependencies The peer dependency react@^0.14 included from react-typist will no
140 warn peerDependencies longer be automatically installed to fulfill the peerDependency
141 warn peerDependencies in npm 3+. Your application will need to depend on it explicitly.
142 warn peerDependencies The peer dependency react-dom@^0.14 included from react-typist will no
143 warn peerDependencies longer be automatically installed to fulfill the peerDependency
144 warn peerDependencies in npm 3+. Your application will need to depend on it explicitly.
145 verbose readDependencies loading dependencies from C:\Users\Avi Jain\Desktop\react-skeleton-master\node_modules\react-typist\package.json
146 silly install resolved []
147 verbose about to build C:\Users\Avi Jain\Desktop\react-skeleton-master\node_modules\react-typist
148 info build C:\Users\Avi Jain\Desktop\react-skeleton-master\node_modules\react-typist
149 info linkStuff react-typist@0.3.0
150 silly linkStuff react-typist@0.3.0 has C:\Users\Avi Jain\Desktop\react-skeleton-master\node_modules as its parent node_modules
151 verbose linkBins react-typist@0.3.0
152 verbose linkMans react-typist@0.3.0
153 verbose rebuildBundles react-typist@0.3.0
154 info install react-typist@0.3.0
155 info postinstall react-typist@0.3.0
156 verbose readDependencies loading dependencies from C:\Users\Avi Jain\Desktop\react-skeleton-master\package.json
157 verbose targetResolver reading package data from C:\Users\Avi Jain\Desktop\react-skeleton-master\node_modules\babel\package.json
158 verbose targetResolver reading package data from C:\Users\Avi Jain\Desktop\react-skeleton-master\node_modules\babel-preset-react\package.json
159 verbose targetResolver reading package data from C:\Users\Avi Jain\Desktop\react-skeleton-master\node_modules\babelify\package.json
160 verbose targetResolver reading package data from C:\Users\Avi Jain\Desktop\react-skeleton-master\node_modules\react\package.json
161 verbose targetResolver reading package data from C:\Users\Avi Jain\Desktop\react-skeleton-master\node_modules\react-dom\package.json
162 verbose targetResolver reading package data from C:\Users\Avi Jain\Desktop\react-skeleton-master\node_modules\react-typewriter\package.json
163 verbose targetResolver reading package data from C:\Users\Avi Jain\Desktop\react-skeleton-master\node_modules\react-typist\package.json
164 verbose targetResolver reading package data from C:\Users\Avi Jain\Desktop\react-skeleton-master\node_modules\watchify\package.json
165 verbose targetResolver reading package data from C:\Users\Avi Jain\Desktop\react-skeleton-master\node_modules\.bin\babel\package.json
166 verbose targetResolver reading package data from C:\Users\Avi Jain\Desktop\react-skeleton-master\node_modules\.bin\babel-external-helpers\package.json
167 verbose targetResolver reading package data from C:\Users\Avi Jain\Desktop\react-skeleton-master\node_modules\.bin\babel-external-helpers.cmd\package.json
168 verbose targetResolver reading package data from C:\Users\Avi Jain\Desktop\react-skeleton-master\node_modules\.bin\babel-node\package.json
169 verbose targetResolver reading package data from C:\Users\Avi Jain\Desktop\react-skeleton-master\node_modules\.bin\babel-node.cmd\package.json
170 verbose targetResolver reading package data from C:\Users\Avi Jain\Desktop\react-skeleton-master\node_modules\.bin\babel.cmd\package.json
171 verbose targetResolver reading package data from C:\Users\Avi Jain\Desktop\react-skeleton-master\node_modules\.bin\watchify\package.json
172 verbose targetResolver reading package data from C:\Users\Avi Jain\Desktop\react-skeleton-master\node_modules\.bin\watchify.cmd\package.json
173 verbose already installed skipping react@^0.14 C:\Users\Avi Jain\Desktop\react-skeleton-master
174 verbose already installed skipping react-dom@^0.14 C:\Users\Avi Jain\Desktop\react-skeleton-master
175 silly install resolved []
176 verbose unlock done using C:\Users\Avi Jain\AppData\Roaming\npm-cache\_locks\react-typist-d5872f3acf9cc8a7.lock for C:\Users\Avi Jain\Desktop\react-skeleton-master\node_modules\react-typist
177 verbose validateInstall loading C:\Users\Avi Jain\Desktop\react-skeleton-master\package.json for validation
178 verbose stack Error: The package react@15.2.1 does not satisfy its siblings' peerDependencies requirements!
178 verbose stack     at C:\Program Files\nodejs\node_modules\npm\lib\install.js:125:32
178 verbose stack     at C:\Program Files\nodejs\node_modules\npm\lib\install.js:268:7
178 verbose stack     at C:\Program Files\nodejs\node_modules\npm\node_modules\read-installed\read-installed.js:142:5
178 verbose stack     at C:\Program Files\nodejs\node_modules\npm\node_modules\read-installed\read-installed.js:263:14
178 verbose stack     at cb (C:\Program Files\nodejs\node_modules\npm\node_modules\slide\lib\async-map.js:47:24)
178 verbose stack     at C:\Program Files\nodejs\node_modules\npm\node_modules\read-installed\read-installed.js:263:14
178 verbose stack     at cb (C:\Program Files\nodejs\node_modules\npm\node_modules\slide\lib\async-map.js:47:24)
178 verbose stack     at C:\Program Files\nodejs\node_modules\npm\node_modules\read-installed\read-installed.js:263:14
178 verbose stack     at cb (C:\Program Files\nodejs\node_modules\npm\node_modules\slide\lib\async-map.js:47:24)
178 verbose stack     at C:\Program Files\nodejs\node_modules\npm\node_modules\read-installed\read-installed.js:263:14
179 verbose cwd C:\Users\Avi Jain\Desktop\react-skeleton-master
180 error Windows_NT 6.3.9600
181 error argv "C:\\Program Files\\nodejs\\node.exe" "C:\\Program Files\\nodejs\\node_modules\\npm\\bin\\npm-cli.js" "install" "--save" "react-typist"
182 error node v4.4.0
183 error npm  v2.14.20
184 error code EPEERINVALID
185 error peerinvalid The package react@15.2.1 does not satisfy its siblings' peerDependencies requirements!
185 error peerinvalid Peer react-dom@15.2.1 wants react@^15.2.1
185 error peerinvalid Peer react-typist@0.3.0 wants react@^0.14
186 verbose exit [ 1, true ]
